<?xml version="1.0" encoding="UTF-8"?>
<!-- Generated by org.testng.reporters.JUnitReportReporter -->
<testsuite hostname="LAPTOP-360P3OQH" failures="0" tests="1" name="Example.Newtest" time="41.212" errors="0" timestamp="2022-07-17T01:31:42 IST" skipped="0">
  <testcase classname="Example.Newtest" name="testEasy" time="41.212"/>
  <system-out/>
</testsuite> <!-- Example.Newtest -->
